<?xml version="1.0" encoding="UTF-8"?>
<!-- Generated by org.testng.reporters.JUnitReportReporter -->
<testsuite skipped="0" hostname="LAINPU1502-0095" name="com.OrangeHRM.Execute_JavaScript_Code" tests="1" failures="0" timestamp="22 Dec 2020 06:02:10 GMT" time="13.621" errors="0">
  <testcase name="Login" time="13.621" classname="com.OrangeHRM.Execute_JavaScript_Code"/>
</testsuite> <!-- com.OrangeHRM.Execute_JavaScript_Code -->
