<?xml version="1.0" encoding="UTF-8"?>
<!-- Generated by org.testng.reporters.JUnitReportReporter -->
<testsuite skipped="0" hostname="LAINPU1502-0095" name="com.OrangeHRM.OrangeHRM_Login_All_Tcs_Scenario" tests="5" failures="0" timestamp="17 Dec 2020 05:00:54 GMT" time="17.764" errors="0">
  <testcase name="LoginAllCases" time="0.815" classname="com.OrangeHRM.OrangeHRM_Login_All_Tcs_Scenario"/>
  <testcase name="LoginAllCases" time="2.141" classname="com.OrangeHRM.OrangeHRM_Login_All_Tcs_Scenario"/>
  <testcase name="LoginAllCases" time="10.846" classname="com.OrangeHRM.OrangeHRM_Login_All_Tcs_Scenario"/>
  <testcase name="LoginAllCases" time="2.513" classname="com.OrangeHRM.OrangeHRM_Login_All_Tcs_Scenario"/>
  <testcase name="LoginAllCases" time="1.449" classname="com.OrangeHRM.OrangeHRM_Login_All_Tcs_Scenario"/>
</testsuite> <!-- com.OrangeHRM.OrangeHRM_Login_All_Tcs_Scenario -->
