<?xml version="1.0" encoding="UTF-8"?>
<!-- Generated by org.testng.reporters.JUnitReportReporter -->
<testsuite skipped="0" hostname="LAINPU1502-0095" name="com.OrangeHRM.Drag_and_Drop" tests="1" failures="0" timestamp="21 Dec 2020 12:19:08 GMT" time="18.679" errors="0">
  <testcase name="DragDrop" time="18.679" classname="com.OrangeHRM.Drag_and_Drop"/>
</testsuite> <!-- com.OrangeHRM.Drag_and_Drop -->
