<?xml version="1.0" encoding="UTF-8"?>
<!-- Generated by org.testng.reporters.JUnitReportReporter -->
<testsuite skipped="0" hostname="LAINPU1502-0095" name="com.OrangeHRM.SSL_Certificate_Example_All_Browser" tests="1" failures="0" timestamp="17 Dec 2020 07:11:42 GMT" time="7.436" errors="0">
  <testcase name="openApplication" time="7.436" classname="com.OrangeHRM.SSL_Certificate_Example_All_Browser"/>
</testsuite> <!-- com.OrangeHRM.SSL_Certificate_Example_All_Browser -->
