<?xml version="1.0" encoding="UTF-8"?>
<!-- Generated by org.testng.reporters.JUnitReportReporter -->
<testsuite skipped="0" hostname="LAINPU1502-0095" name="com.OrangeHRM.HeadlessBrowser_Chrome" tests="1" failures="0" timestamp="17 Dec 2020 07:10:24 GMT" time="12.350" errors="0">
  <testcase name="Chrome_Headless" time="12.350" classname="com.OrangeHRM.HeadlessBrowser_Chrome"/>
</testsuite> <!-- com.OrangeHRM.HeadlessBrowser_Chrome -->
