<?xml version="1.0" encoding="UTF-8"?>
<!-- Generated by org.testng.reporters.JUnitReportReporter -->
<testsuite skipped="0" hostname="LAINPU1502-0095" name="com.OrangeHRM.Execute_JavaScript_executeAsyncScript" tests="1" failures="0" timestamp="22 Dec 2020 06:35:36 GMT" time="10.257" errors="0">
  <testcase name="Login" time="10.257" classname="com.OrangeHRM.Execute_JavaScript_executeAsyncScript"/>
</testsuite> <!-- com.OrangeHRM.Execute_JavaScript_executeAsyncScript -->
