<?xml version="1.0" encoding="UTF-8"?>
<!-- Generated by org.testng.reporters.JUnitReportReporter -->
<testsuite skipped="0" hostname="LAINPU1502-0095" name="com.OrangeHRM.Double_Click_Example" tests="1" failures="0" timestamp="21 Dec 2020 12:06:09 GMT" time="14.922" errors="0">
  <testcase name="DragDrop" time="14.922" classname="com.OrangeHRM.Double_Click_Example"/>
</testsuite> <!-- com.OrangeHRM.Double_Click_Example -->
