<?xml version="1.0" encoding="UTF-8"?>
<!-- Generated by org.testng.reporters.JUnitReportReporter -->
<testsuite skipped="0" hostname="LAINPU1502-0095" name="com.OrangeHRM.SauceLabs_LoginPage" tests="1" failures="0" timestamp="25 Dec 2020 08:43:30 GMT" time="27.100" errors="0">
  <testcase name="SauceLab_Example" time="27.100" classname="com.OrangeHRM.SauceLabs_LoginPage"/>
</testsuite> <!-- com.OrangeHRM.SauceLabs_LoginPage -->
